<?xml version="1.0" encoding="UTF-8"?>
<!-- Generated by org.testng.reporters.JUnitReportReporter -->
<testsuite hostname="DESKTOP-1DFEJPG" failures="0" tests="3" name="com.test.MavenPgm.DragDrop" time="7.742" errors="0" timestamp="2024-06-27T08:37:09 EDT" skipped="0">
  <testcase classname="com.test.MavenPgm.DragDrop" name="Test2" time="1.830"/>
  <testcase classname="com.test.MavenPgm.DragDrop" name="Test1" time="3.201"/>
  <testcase classname="com.test.MavenPgm.DragDrop" name="Test3" time="2.711"/>
</testsuite> <!-- com.test.MavenPgm.DragDrop -->
